<?xml version="1.0" encoding="UTF-8"?>
<testng-results total="1" passed="1" failed="0" skipped="0">
  <reporter-output>
  </reporter-output>
  <suite started-at="2023-11-09T02:53:06Z" name="Suite" finished-at="2023-11-09T02:53:10Z" duration-ms="4239">
    <groups>
    </groups>
    <test started-at="2023-11-09T02:53:06Z" name="Test" finished-at="2023-11-09T02:53:10Z" duration-ms="4239">
      <class name="com.test.maven.FirstTest">
        <test-method is-config="true" signature="launchBrowser()[pri:0, instance:com.test.maven.FirstTest@515aebb0]" started-at="2023-11-09T08:22:54Z" name="launchBrowser" finished-at="2023-11-09T08:23:06Z" duration-ms="12405" status="PASS">
          <reporter-output>
          </reporter-output>
        </test-method> <!-- launchBrowser -->
        <test-method signature="navigateToflipkart()[pri:0, instance:com.test.maven.FirstTest@515aebb0]" started-at="2023-11-09T08:23:06Z" name="navigateToflipkart" finished-at="2023-11-09T08:23:10Z" duration-ms="4225" status="PASS">
          <reporter-output>
          </reporter-output>
        </test-method> <!-- navigateToflipkart -->
        <test-method is-config="true" signature="closeTheBrowser()[pri:0, instance:com.test.maven.FirstTest@515aebb0]" started-at="2023-11-09T08:23:10Z" name="closeTheBrowser" finished-at="2023-11-09T08:23:14Z" duration-ms="3615" status="PASS">
          <reporter-output>
          </reporter-output>
        </test-method> <!-- closeTheBrowser -->
      </class> <!-- com.test.maven.FirstTest -->
    </test> <!-- Test -->
  </suite> <!-- Suite -->
</testng-results>
